<?xml version="1.0" encoding="UTF-8"?>
<!-- Generated by org.testng.reporters.JUnitXMLReporter -->
<testsuite hostname="DESKTOP-72HKDS1" ignored="0" name="Test" tests="4" failures="0" timestamp="28 Mar 2019 15:51:51 GMT" time="83.801" errors="0">
  <testcase name="Login" time="41.117" classname="testcase.TC_LoginTest_002"/>
  <testcase name="Login" time="11.515" classname="testcase.TC_LoginTest_002"/>
  <testcase name="Login" time="11.371" classname="testcase.TC_LoginTest_002"/>
  <testcase name="Login" time="11.607" classname="testcase.TC_LoginTest_002"/>
</testsuite> <!-- Test -->
