<?xml version="1.0" encoding="UTF-8"?>
<testng-results skipped="0" failed="0" ignored="0" total="4" passed="4">
  <reporter-output>
  </reporter-output>
  <suite name="Suite" duration-ms="83801" started-at="2019-03-28T15:50:27Z" finished-at="2019-03-28T15:51:51Z">
    <groups>
    </groups>
    <test name="Test" duration-ms="83801" started-at="2019-03-28T15:50:27Z" finished-at="2019-03-28T15:51:51Z">
      <class name="testcase.TC_LoginTest_002">
        <test-method status="PASS" signature="setup(java.lang.String)[pri:0, instance:testcase.TC_LoginTest_002@60f82f98]" name="setup" is-config="true" duration-ms="5095" started-at="2019-03-28T15:50:28Z" finished-at="2019-03-28T15:50:33Z">
          <params>
            <param index="0">
              <value>
                <![CDATA[chrome]]>
              </value>
            </param>
          </params>
          <reporter-output>
          </reporter-output>
        </test-method> <!-- setup -->
        <test-method status="PASS" signature="Login(java.lang.String, java.lang.String)[pri:0, instance:testcase.TC_LoginTest_002@60f82f98]" name="Login" duration-ms="41117" started-at="2019-03-28T15:50:35Z" data-provider="Data" finished-at="2019-03-28T15:51:16Z">
          <params>
            <param index="0">
              <value>
                <![CDATA[admin@yourstore.com ]]>
              </value>
            </param>
            <param index="1">
              <value>
                <![CDATA[admin]]>
              </value>
            </param>
          </params>
          <reporter-output>
          </reporter-output>
        </test-method> <!-- Login -->
        <test-method status="PASS" signature="captureScreen(org.testng.ITestResult)[pri:0, instance:testcase.TC_LoginTest_002@60f82f98]" name="captureScreen" is-config="true" duration-ms="1" started-at="2019-03-28T15:51:16Z" finished-at="2019-03-28T15:51:16Z">
          <params>
            <param index="0">
              <value>
                <![CDATA[[TestResult name=Login status=SUCCESS method=TC_LoginTest_002.Login(java.lang.String, java.lang.String)[pri:0, instance:testcase.TC_LoginTest_002@60f82f98] output={null}]]]>
              </value>
            </param>
          </params>
          <reporter-output>
          </reporter-output>
        </test-method> <!-- captureScreen -->
        <test-method status="PASS" signature="Login(java.lang.String, java.lang.String)[pri:0, instance:testcase.TC_LoginTest_002@60f82f98]" name="Login" duration-ms="11515" started-at="2019-03-28T15:51:16Z" data-provider="Data" finished-at="2019-03-28T15:51:28Z">
          <params>
            <param index="0">
              <value>
                <![CDATA[admin@yourstore.com ]]>
              </value>
            </param>
            <param index="1">
              <value>
                <![CDATA[admin]]>
              </value>
            </param>
          </params>
          <reporter-output>
          </reporter-output>
        </test-method> <!-- Login -->
        <test-method status="PASS" signature="captureScreen(org.testng.ITestResult)[pri:0, instance:testcase.TC_LoginTest_002@60f82f98]" name="captureScreen" is-config="true" duration-ms="1" started-at="2019-03-28T15:51:28Z" finished-at="2019-03-28T15:51:28Z">
          <params>
            <param index="0">
              <value>
                <![CDATA[[TestResult name=Login status=SUCCESS method=TC_LoginTest_002.Login(java.lang.String, java.lang.String)[pri:0, instance:testcase.TC_LoginTest_002@60f82f98] output={null}]]]>
              </value>
            </param>
          </params>
          <reporter-output>
          </reporter-output>
        </test-method> <!-- captureScreen -->
        <test-method status="PASS" signature="Login(java.lang.String, java.lang.String)[pri:0, instance:testcase.TC_LoginTest_002@60f82f98]" name="Login" duration-ms="11371" started-at="2019-03-28T15:51:28Z" data-provider="Data" finished-at="2019-03-28T15:51:39Z">
          <params>
            <param index="0">
              <value>
                <![CDATA[admin@yourstore.com ]]>
              </value>
            </param>
            <param index="1">
              <value>
                <![CDATA[admin]]>
              </value>
            </param>
          </params>
          <reporter-output>
          </reporter-output>
        </test-method> <!-- Login -->
        <test-method status="PASS" signature="captureScreen(org.testng.ITestResult)[pri:0, instance:testcase.TC_LoginTest_002@60f82f98]" name="captureScreen" is-config="true" duration-ms="1" started-at="2019-03-28T15:51:39Z" finished-at="2019-03-28T15:51:39Z">
          <params>
            <param index="0">
              <value>
                <![CDATA[[TestResult name=Login status=SUCCESS method=TC_LoginTest_002.Login(java.lang.String, java.lang.String)[pri:0, instance:testcase.TC_LoginTest_002@60f82f98] output={null}]]]>
              </value>
            </param>
          </params>
          <reporter-output>
          </reporter-output>
        </test-method> <!-- captureScreen -->
        <test-method status="PASS" signature="Login(java.lang.String, java.lang.String)[pri:0, instance:testcase.TC_LoginTest_002@60f82f98]" name="Login" duration-ms="11607" started-at="2019-03-28T15:51:39Z" data-provider="Data" finished-at="2019-03-28T15:51:51Z">
          <params>
            <param index="0">
              <value>
                <![CDATA[admin@yourstore.com ]]>
              </value>
            </param>
            <param index="1">
              <value>
                <![CDATA[admin]]>
              </value>
            </param>
          </params>
          <reporter-output>
          </reporter-output>
        </test-method> <!-- Login -->
        <test-method status="PASS" signature="captureScreen(org.testng.ITestResult)[pri:0, instance:testcase.TC_LoginTest_002@60f82f98]" name="captureScreen" is-config="true" duration-ms="0" started-at="2019-03-28T15:51:51Z" finished-at="2019-03-28T15:51:51Z">
          <params>
            <param index="0">
              <value>
                <![CDATA[[TestResult name=Login status=SUCCESS method=TC_LoginTest_002.Login(java.lang.String, java.lang.String)[pri:0, instance:testcase.TC_LoginTest_002@60f82f98] output={null}]]]>
              </value>
            </param>
          </params>
          <reporter-output>
          </reporter-output>
        </test-method> <!-- captureScreen -->
        <test-method status="PASS" signature="tearDown()[pri:0, instance:testcase.TC_LoginTest_002@60f82f98]" name="tearDown" is-config="true" duration-ms="69" started-at="2019-03-28T15:51:51Z" finished-at="2019-03-28T15:51:51Z">
          <reporter-output>
          </reporter-output>
        </test-method> <!-- tearDown -->
      </class> <!-- testcase.TC_LoginTest_002 -->
    </test> <!-- Test -->
  </suite> <!-- Suite -->
</testng-results>
